<?xml version="1.0" encoding="UTF-8"?>
<!-- Generated by org.testng.reporters.JUnitXMLReporter -->
<testsuite ignored="3" hostname="DESKTOP-QU276DO" failures="1" tests="2" name="Test" time="16.84" errors="0" timestamp="2025-09-29T23:17:54 IST">
  <testcase classname="tests.SearchProduct" name="productMethod" time="0.083">
    <skipped/>
  </testcase> <!-- productMethod -->
  <testcase classname="tests.SearchProduct" name="productMethod" time="0.048">
    <failure type="java.lang.AssertionError" message="expected [https://www.hopscotchh.in/] but found [https://www.hopscotch.in/]">
      <![CDATA[java.lang.AssertionError: expected [https://www.hopscotchh.in/] but found [https://www.hopscotch.in/]
at tests.SearchProduct.productMethod(SearchProduct.java:15)
at java.base/java.util.ArrayList.forEach(ArrayList.java:1596)
... Removed 31 stack frames]]>
    </failure>
  </testcase> <!-- productMethod -->
  <testcase classname="tests.EnterMobile" name="proceedForMobileNo" time="0.0">
    <ignored/>
  </testcase> <!-- proceedForMobileNo -->
  <testcase classname="tests.ProceedToCheckout" name="proceedCheckout" time="0.0">
    <ignored/>
  </testcase> <!-- proceedCheckout -->
  <testcase classname="tests.EnterPin" name="enterPinMethod" time="0.0">
    <ignored/>
  </testcase> <!-- enterPinMethod -->
</testsuite> <!-- Test -->
